11606	[2020-11-23 23:04:20,072]	Generating new fontManager, this may take some time...
11606	[2020-11-23 23:04:21,527]	Failed to extract font properties from /usr/share/fonts/truetype/noto/NotoColorEmoji.ttf: In FT2Font: Can not load face.  Unknown file format.
11606	[2020-11-23 23:04:23,685]	Starting every day program...
11652	[2020-11-23 23:04:39,072]	Starting every day program...
11652	[2020-11-23 23:04:39,081]	Updating database statistics...
11708	[2020-11-23 23:05:35,008]	Starting every day program...
11708	[2020-11-23 23:05:35,015]	Updating database statistics...
11708	[2020-11-23 23:05:35,174]	Posting and updating wiki...
11859	[2020-11-23 23:07:56,084]	Starting every day program...
11859	[2020-11-23 23:07:56,090]	Updating database statistics...
11859	[2020-11-23 23:07:56,259]	Posting and updating wiki...
11859	[2020-11-23 23:08:02,226]	Formatting leaderboard...
11859	[2020-11-23 23:08:02,620]	Updating sidebar...
11859	[2020-11-23 23:08:06,503]	Updated in old reddit...
11859	[2020-11-23 23:08:06,509]	Completed.
11859	[2020-11-23 23:08:06,514]	Called OAD prog @ Nov 23 2020 23:08:06
12060	[2020-11-23 23:10:12,843]	Starting every day program...
12060	[2020-11-23 23:10:12,878]	Updating database statistics...
12060	[2020-11-23 23:10:12,990]	Posting and updating wiki...
12060	[2020-11-23 23:10:21,422]	Formatting leaderboard...
12060	[2020-11-23 23:10:21,832]	Updating sidebar...
12060	[2020-11-23 23:10:25,652]	Updated in old reddit...
12060	[2020-11-23 23:10:25,664]	Completed.
12060	[2020-11-23 23:10:25,670]	Called OAD prog @ Nov 23 2020 23:10:25
12460	[2020-11-23 23:14:28,891]	Starting every day program...
12460	[2020-11-23 23:14:28,897]	Updating database statistics...
12460	[2020-11-23 23:14:28,900]	Formatting leaderboard...
12460	[2020-11-23 23:14:30,236]	Called OAD prog @ Nov 23 2020 23:14:30
12603	[2020-11-23 23:15:55,186]	Starting every day program...
12603	[2020-11-23 23:15:55,192]	Updating database statistics...
12603	[2020-11-23 23:15:55,196]	Formatting leaderboard...
12603	[2020-11-23 23:15:56,454]	Called OAD prog @ Nov 23 2020 23:15:56
12741	[2020-11-23 23:18:09,677]	Starting every day program...
12741	[2020-11-23 23:18:09,683]	Updating database statistics...
12741	[2020-11-23 23:18:09,686]	Formatting leaderboard...
12755	[2020-11-23 23:18:17,841]	Starting every day program...
12755	[2020-11-23 23:18:17,847]	Updating database statistics...
12755	[2020-11-23 23:18:17,851]	Formatting leaderboard...
12755	[2020-11-23 23:18:19,699]	Called OAD prog @ Nov 23 2020 23:18:19
12786	[2020-11-23 23:19:43,549]	Starting every day program...
12786	[2020-11-23 23:19:43,556]	Updating database statistics...
12786	[2020-11-23 23:19:43,559]	Formatting leaderboard...
12807	[2020-11-23 23:20:00,535]	Starting every day program...
12807	[2020-11-23 23:20:00,546]	Updating database statistics...
12807	[2020-11-23 23:20:00,551]	Formatting leaderboard...
12807	[2020-11-23 23:20:02,453]	Called OAD prog @ Nov 23 2020 23:20:02
12840	[2020-11-23 23:20:40,710]	Starting every day program...
12840	[2020-11-23 23:20:40,732]	Updating database statistics...
12840	[2020-11-23 23:20:40,740]	Formatting leaderboard...
12840	[2020-11-23 23:20:42,728]	Called OAD prog @ Nov 23 2020 23:20:42
12972	[2020-11-23 23:22:12,663]	Starting every day program...
12972	[2020-11-23 23:22:12,669]	Updating database statistics...
12972	[2020-11-23 23:22:12,672]	Formatting leaderboard...
12972	[2020-11-23 23:22:13,894]	Called OAD prog @ Nov 23 2020 23:22:13
12998	[2020-11-23 23:22:45,534]	Starting every day program...
12998	[2020-11-23 23:22:45,540]	Updating database statistics...
12998	[2020-11-23 23:22:45,543]	Formatting leaderboard...
12998	[2020-11-23 23:22:46,805]	Called OAD prog @ Nov 23 2020 23:22:46
13060	[2020-11-23 23:24:00,476]	Starting every day program...
13060	[2020-11-23 23:24:00,482]	Updating database statistics...
13060	[2020-11-23 23:24:00,487]	Formatting leaderboard...
13060	[2020-11-23 23:24:02,247]	Called OAD prog @ Nov 23 2020 23:24:02
13089	[2020-11-23 23:24:31,417]	Starting every day program...
13089	[2020-11-23 23:24:31,436]	Updating database statistics...
13089	[2020-11-23 23:24:31,442]	Formatting leaderboard...
13089	[2020-11-23 23:24:32,720]	Called OAD prog @ Nov 23 2020 23:24:32
13120	[2020-11-23 23:24:54,973]	Starting every day program...
13120	[2020-11-23 23:24:54,984]	Updating database statistics...
13120	[2020-11-23 23:24:54,990]	Formatting leaderboard...
13120	[2020-11-23 23:24:56,162]	Called OAD prog @ Nov 23 2020 23:24:56
13135	[2020-11-23 23:25:14,522]	Starting every day program...
13135	[2020-11-23 23:25:14,528]	Updating database statistics...
13135	[2020-11-23 23:25:14,531]	Formatting leaderboard...
13135	[2020-11-23 23:25:15,766]	Called OAD prog @ Nov 23 2020 23:25:15
13210	[2020-11-23 23:26:36,168]	Starting every day program...
13210	[2020-11-23 23:26:36,175]	Updating database statistics...
13210	[2020-11-23 23:26:36,178]	Formatting leaderboard...
13210	[2020-11-23 23:26:37,287]	Called OAD prog @ Nov 23 2020 23:26:37
13273	[2020-11-23 23:28:11,408]	Starting every day program...
13273	[2020-11-23 23:28:11,414]	Updating database statistics...
13273	[2020-11-23 23:28:11,417]	Formatting leaderboard...
13273	[2020-11-23 23:28:13,703]	Updated in old reddit...
13273	[2020-11-23 23:28:13,709]	Completed.
13273	[2020-11-23 23:28:13,714]	Called OAD prog @ Nov 23 2020 23:28:13
13529	[2020-11-23 23:31:05,470]	Starting every day program...
13529	[2020-11-23 23:31:05,476]	Updating database statistics...
13529	[2020-11-23 23:31:05,479]	Formatting leaderboard...
13529	[2020-11-23 23:31:05,753]	Updating sidebar...
13529	[2020-11-23 23:31:06,650]	Called OAD prog @ Nov 23 2020 23:31:06
13549	[2020-11-23 23:31:29,883]	Starting every day program...
13549	[2020-11-23 23:31:29,889]	Updating database statistics...
13549	[2020-11-23 23:31:29,893]	Formatting leaderboard...
13549	[2020-11-23 23:31:30,194]	Updating sidebar...
13549	[2020-11-23 23:31:31,157]	Called OAD prog @ Nov 23 2020 23:31:31
13701	[2020-11-23 23:33:46,975]	Starting every day program...
13701	[2020-11-23 23:33:46,986]	Updating database statistics...
13701	[2020-11-23 23:33:46,993]	Formatting leaderboard...
13701	[2020-11-23 23:33:47,269]	Updating sidebar...
13701	[2020-11-23 23:33:48,575]	Called OAD prog @ Nov 23 2020 23:33:48
13756	[2020-11-23 23:34:30,418]	Starting every day program...
13756	[2020-11-23 23:34:30,425]	Updating database statistics...
13756	[2020-11-23 23:34:30,429]	Formatting leaderboard...
13756	[2020-11-23 23:34:30,676]	Updating sidebar...
13756	[2020-11-23 23:34:32,525]	Updated in new reddit...
13756	[2020-11-23 23:34:32,532]	Called OAD prog @ Nov 23 2020 23:34:32
